# JRE version: OpenJDK Runtime Environment (8.0_202-b03) (build 1.8.0_202-release-1483-b03)
# Java VM: OpenJDK 64-Bit Server VM (25.202-b03 mixed mode windows-amd64 compressed oops)
Heap:
 PSYoungGen      total 353792K, used 66156K [0x00000000e0000000, 0x00000000f9b80000, 0x0000000100000000)
  eden space 330752K, 13% used [0x00000000e0000000,0x00000000e2a974f8,0x00000000f4300000)
  from space 23040K, 97% used [0x00000000f8500000,0x00000000f9b03d58,0x00000000f9b80000)
  to   space 27136K, 0% used [0x00000000f6680000,0x00000000f6680000,0x00000000f8100000)
 ParOldGen       total 312832K, used 36955K [0x00000000a0000000, 0x00000000b3180000, 0x00000000e0000000)
  object space 312832K, 11% used [0x00000000a0000000,0x00000000a2416f68,0x00000000b3180000)
 Metaspace       used 69471K, capacity 71992K, committed 72216K, reserved 1112064K
  class space    used 9150K, capacity 9740K, committed 9776K, reserved 1048576K
GC Heap History (10 events):
Event: 4.270 GC heap before
{Heap before GC invocations=7 (full 2):
 PSYoungGen      total 206848K, used 12266K [0x00000000e0000000, 0x00000000f1600000, 0x0000000100000000)
  eden space 190464K, 0% used [0x00000000e0000000,0x00000000e0000000,0x00000000eba00000)
  from space 16384K, 74% used [0x00000000eba00000,0x00000000ec5fab40,0x00000000eca00000)
  to   space 14848K, 0% used [0x00000000f0780000,0x00000000f0780000,0x00000000f1600000)
 ParOldGen       total 140288K, used 7829K [0x00000000a0000000, 0x00000000a8900000, 0x00000000e0000000)
  object space 140288K, 5% used [0x00000000a0000000,0x00000000a07a5770,0x00000000a8900000)
 Metaspace       used 34671K, capacity 35382K, committed 35496K, reserved 1079296K
  class space    used 4750K, capacity 4957K, committed 5040K, reserved 1048576K
Event: 4.310 GC heap after
Heap after GC invocations=7 (full 2):
 PSYoungGen      total 206848K, used 0K [0x00000000e0000000, 0x00000000f1600000, 0x0000000100000000)
  eden space 190464K, 0% used [0x00000000e0000000,0x00000000e0000000,0x00000000eba00000)
  from space 16384K, 0% used [0x00000000eba00000,0x00000000eba00000,0x00000000eca00000)
  to   space 14848K, 0% used [0x00000000f0780000,0x00000000f0780000,0x00000000f1600000)
 ParOldGen       total 217600K, used 19027K [0x00000000a0000000, 0x00000000ad480000, 0x00000000e0000000)
  object space 217600K, 8% used [0x00000000a0000000,0x00000000a1294e20,0x00000000ad480000)
 Metaspace       used 34667K, capacity 35370K, committed 35496K, reserved 1079296K
  class space    used 4749K, capacity 4955K, committed 5040K, reserved 1048576K
}
Event: 6.546 GC heap before
{Heap before GC invocations=8 (full 2):
 PSYoungGen      total 206848K, used 190464K [0x00000000e0000000, 0x00000000f1600000, 0x0000000100000000)
  eden space 190464K, 100% used [0x00000000e0000000,0x00000000eba00000,0x00000000eba00000)
  from space 16384K, 0% used [0x00000000eba00000,0x00000000eba00000,0x00000000eca00000)
  to   space 14848K, 0% used [0x00000000f0780000,0x00000000f0780000,0x00000000f1600000)
 ParOldGen       total 217600K, used 19027K [0x00000000a0000000, 0x00000000ad480000, 0x00000000e0000000)
  object space 217600K, 8% used [0x00000000a0000000,0x00000000a1294e20,0x00000000ad480000)
 Metaspace       used 49506K, capacity 50726K, committed 50984K, reserved 1093632K
  class space    used 6527K, capacity 6915K, committed 6960K, reserved 1048576K
Event: 6.572 GC heap after
Heap after GC invocations=8 (full 2):
 PSYoungGen      total 264192K, used 14824K [0x00000000e0000000, 0x00000000f3b00000, 0x0000000100000000)
  eden space 249344K, 0% used [0x00000000e0000000,0x00000000e0000000,0x00000000ef380000)
  from space 14848K, 99% used [0x00000000f0780000,0x00000000f15fa078,0x00000000f1600000)
  to   space 20480K, 0% used [0x00000000ef380000,0x00000000ef380000,0x00000000f0780000)
 ParOldGen       total 217600K, used 26009K [0x00000000a0000000, 0x00000000ad480000, 0x00000000e0000000)
  object space 217600K, 11% used [0x00000000a0000000,0x00000000a19666b8,0x00000000ad480000)
 Metaspace       used 49506K, capacity 50726K, committed 50984K, reserved 1093632K
  class space    used 6527K, capacity 6915K, committed 6960K, reserved 1048576K
}
Event: 7.980 GC heap before
{Heap before GC invocations=9 (full 2):
 PSYoungGen      total 264192K, used 129325K [0x00000000e0000000, 0x00000000f3b00000, 0x0000000100000000)
  eden space 249344K, 45% used [0x00000000e0000000,0x00000000e6fd1740,0x00000000ef380000)
  from space 14848K, 99% used [0x00000000f0780000,0x00000000f15fa078,0x00000000f1600000)
  to   space 20480K, 0% used [0x00000000ef380000,0x00000000ef380000,0x00000000f0780000)
 ParOldGen       total 217600K, used 26009K [0x00000000a0000000, 0x00000000ad480000, 0x00000000e0000000)
  object space 217600K, 11% used [0x00000000a0000000,0x00000000a19666b8,0x00000000ad480000)
 Metaspace       used 57298K, capacity 59044K, committed 59160K, reserved 1099776K
  class space    used 7679K, capacity 8157K, committed 8240K, reserved 1048576K
Event: 8.010 GC heap after
Heap after GC invocations=9 (full 2):
 PSYoungGen      total 269824K, used 20471K [0x00000000e0000000, 0x00000000f9d00000, 0x0000000100000000)
  eden space 249344K, 0% used [0x00000000e0000000,0x00000000e0000000,0x00000000ef380000)
  from space 20480K, 99% used [0x00000000ef380000,0x00000000f077de20,0x00000000f0780000)
  to   space 24576K, 0% used [0x00000000f8500000,0x00000000f8500000,0x00000000f9d00000)
 ParOldGen       total 217600K, used 28699K [0x00000000a0000000, 0x00000000ad480000, 0x00000000e0000000)
  object space 217600K, 13% used [0x00000000a0000000,0x00000000a1c06d50,0x00000000ad480000)
 Metaspace       used 57298K, capacity 59044K, committed 59160K, reserved 1099776K
  class space    used 7679K, capacity 8157K, committed 8240K, reserved 1048576K
}
Event: 8.010 GC heap before
{Heap before GC invocations=10 (full 3):
 PSYoungGen      total 269824K, used 20471K [0x00000000e0000000, 0x00000000f9d00000, 0x0000000100000000)
  eden space 249344K, 0% used [0x00000000e0000000,0x00000000e0000000,0x00000000ef380000)
  from space 20480K, 99% used [0x00000000ef380000,0x00000000f077de20,0x00000000f0780000)
  to   space 24576K, 0% used [0x00000000f8500000,0x00000000f8500000,0x00000000f9d00000)
 ParOldGen       total 217600K, used 28699K [0x00000000a0000000, 0x00000000ad480000, 0x00000000e0000000)
  object space 217600K, 13% used [0x00000000a0000000,0x00000000a1c06d50,0x00000000ad480000)
 Metaspace       used 57298K, capacity 59044K, committed 59160K, reserved 1099776K
  class space    used 7679K, capacity 8157K, committed 8240K, reserved 1048576K
Event: 8.186 GC heap after
Heap after GC invocations=10 (full 3):
 PSYoungGen      total 269824K, used 0K [0x00000000e0000000, 0x00000000f9d00000, 0x0000000100000000)
  eden space 249344K, 0% used [0x00000000e0000000,0x00000000e0000000,0x00000000ef380000)
  from space 20480K, 0% used [0x00000000ef380000,0x00000000ef380000,0x00000000f0780000)
  to   space 24576K, 0% used [0x00000000f8500000,0x00000000f8500000,0x00000000f9d00000)
 ParOldGen       total 312832K, used 36883K [0x00000000a0000000, 0x00000000b3180000, 0x00000000e0000000)
  object space 312832K, 11% used [0x00000000a0000000,0x00000000a2404f58,0x00000000b3180000)
 Metaspace       used 57256K, capacity 58924K, committed 59160K, reserved 1099776K
  class space    used 7668K, capacity 8117K, committed 8240K, reserved 1048576K
}
Event: 42.184 GC heap before
{Heap before GC invocations=11 (full 3):
 PSYoungGen      total 269824K, used 249344K [0x00000000e0000000, 0x00000000f9d00000, 0x0000000100000000)
  eden space 249344K, 100% used [0x00000000e0000000,0x00000000ef380000,0x00000000ef380000)
  from space 20480K, 0% used [0x00000000ef380000,0x00000000ef380000,0x00000000f0780000)
  to   space 24576K, 0% used [0x00000000f8500000,0x00000000f8500000,0x00000000f9d00000)
 ParOldGen       total 312832K, used 36883K [0x00000000a0000000, 0x00000000b3180000, 0x00000000e0000000)
  object space 312832K, 11% used [0x00000000a0000000,0x00000000a2404f58,0x00000000b3180000)
 Metaspace       used 69174K, capacity 71706K, committed 71960K, reserved 1112064K
  class space    used 9148K, capacity 9737K, committed 9776K, reserved 1048576K
Event: 42.202 GC heap after
Heap after GC invocations=11 (full 3):
 PSYoungGen      total 353792K, used 22543K [0x00000000e0000000, 0x00000000f9b80000, 0x0000000100000000)
  eden space 330752K, 0% used [0x00000000e0000000,0x00000000e0000000,0x00000000f4300000)
  from space 23040K, 97% used [0x00000000f8500000,0x00000000f9b03d58,0x00000000f9b80000)
  to   space 27136K, 0% used [0x00000000f6680000,0x00000000f6680000,0x00000000f8100000)
 ParOldGen       total 312832K, used 36955K [0x00000000a0000000, 0x00000000b3180000, 0x00000000e0000000)
  object space 312832K, 11% used [0x00000000a0000000,0x00000000a2416f68,0x00000000b3180000)
 Metaspace       used 69174K, capacity 71706K, committed 71960K, reserved 1112064K
  class space    used 9148K, capacity 9737K, committed 9776K, reserved 1048576K
}

